07/10/14 06:20:04 Xvnc version TightVNC-1.3.9
07/10/14 06:20:04 Copyright (C) 2000-2007 TightVNC Group
07/10/14 06:20:04 Copyright (C) 1999 AT&T Laboratories Cambridge
07/10/14 06:20:04 All Rights Reserved.
07/10/14 06:20:04 See http://www.tightvnc.com/ for information on TightVNC
07/10/14 06:20:04 Desktop name 'X' (svmpharmaubuntu1:2)
07/10/14 06:20:04 Protocol versions supported: 3.3, 3.7, 3.8, 3.7t, 3.8t
07/10/14 06:20:04 Listening for VNC connections on TCP port 5902
Font directory '/usr/share/fonts/X11/75dpi/' not found - ignoring
Font directory '/usr/share/fonts/X11/100dpi/' not found - ignoring
xrdb: No such file or directory
xrdb: can't open file '/home/vnc/.Xresources'

07/10/14 06:20:56 Got connection from client 192.168.100.245
07/10/14 06:20:56 Using protocol version 3.8
07/10/14 06:21:03 Full-control authentication passed by 192.168.100.245
07/10/14 06:21:04 rfbProcessClientNormalMessage: ignoring unknown encoding 16
07/10/14 06:21:04 rfbProcessClientNormalMessage: ignoring unknown encoding 22
07/10/14 06:21:04 rfbProcessClientNormalMessage: ignoring unknown encoding 21
07/10/14 06:21:04 rfbProcessClientNormalMessage: ignoring unknown encoding 15
07/10/14 06:21:04 Using zlib encoding for client 192.168.100.245
07/10/14 06:21:04 rfbProcessClientNormalMessage: ignoring unknown encoding -311
07/10/14 06:21:04 Enabling full-color cursor updates for client 192.168.100.245
07/10/14 06:21:04 rfbProcessClientNormalMessage: ignoring unknown encoding -223
07/10/14 06:21:04 Pixel format for client 192.168.100.245:
07/10/14 06:21:04   8 bpp, depth 8
07/10/14 06:21:04   uses a colour map (not true colour).
07/10/14 06:21:04 Using raw encoding for client 192.168.100.245
07/10/14 06:21:04 rfbProcessClientNormalMessage: ignoring unknown encoding 22
07/10/14 06:21:04 rfbProcessClientNormalMessage: ignoring unknown encoding 21
07/10/14 06:21:04 rfbProcessClientNormalMessage: ignoring unknown encoding 16
07/10/14 06:21:04 rfbProcessClientNormalMessage: ignoring unknown encoding 15
07/10/14 06:21:04 rfbProcessClientNormalMessage: ignoring unknown encoding -311
07/10/14 06:21:04 Enabling full-color cursor updates for client 192.168.100.245
07/10/14 06:21:04 rfbProcessClientNormalMessage: ignoring unknown encoding -223
07/10/14 06:21:05 rfbProcessClientNormalMessage: ignoring unknown encoding 15
07/10/14 06:21:05 Using hextile encoding for client 192.168.100.245
07/10/14 06:21:05 rfbProcessClientNormalMessage: ignoring unknown encoding 22
07/10/14 06:21:05 rfbProcessClientNormalMessage: ignoring unknown encoding 21
07/10/14 06:21:05 rfbProcessClientNormalMessage: ignoring unknown encoding 16
07/10/14 06:21:05 rfbProcessClientNormalMessage: ignoring unknown encoding -311
07/10/14 06:21:05 Enabling full-color cursor updates for client 192.168.100.245
07/10/14 06:21:05 rfbProcessClientNormalMessage: ignoring unknown encoding -223
07/10/14 06:21:05 Pixel format for client 192.168.100.245:
07/10/14 06:21:05   32 bpp, depth 24, little endian
07/10/14 06:21:05   true colour: max r 255 g 255 b 255, shift r 16 g 8 b 0
07/10/14 06:21:05   no translation needed
07/10/14 06:21:34 Client 192.168.100.245 gone
07/10/14 06:21:34 Statistics:
07/10/14 06:21:34   key events received 0, pointer events 456
07/10/14 06:21:34   framebuffer updates 3, rectangles 29, bytes 22762
07/10/14 06:21:34     cursor shape updates 3, bytes 1668
07/10/14 06:21:34     raw rectangles 1, bytes 16396
07/10/14 06:21:34     hextile rectangles 1, bytes 3088
07/10/14 06:21:34     zlib rectangles 24, bytes 1610
07/10/14 06:21:34   raw bytes equivalent 3948580, compression ratio 187.189722
